Initital Cache Settings
--------------
(C,B,S): (12,6,x)
Assume Virtual Addresses
	log2(Page Size): 10
	log2(TLB entries): 3
	log2(Physical Pages in Memory): 10


Legalized Cache Settings
--------------
(C,B,S): (12,6,2)
Assume Virtual Addresses
	log2(Page Size): 10
	log2(TLB entries): 3
	log2(Physical Pages in Memory): 10

Cache Statistics
----------------
Reads: 332993
Writes: 167007

HWIVPT accesses: 6378
HWIVPT hits: 3717
HWIVPT misses (Page Faults): 2661
HWIVPT hit ratio: 0.583
HWIVPT miss ratio: 0.417
L1 writebacks due to OS cache flush: 43433

TLB accesses: 500000
TLB hits: 493622
TLB misses (Translation Faults): 6378
TLB hit ratio: 0.987
TLB miss ratio: 0.013

L1 accesses: 500000
L1 hits: 413194
L1 misses: 86806
L1 hit ratio: 0.826
L1 miss ratio: 0.174
L1 writebacks due user level conflicts: 170
L1 average access time (AAT): 21.157

